[debug] [2020-07-30T08:15:14.896Z] ----------------------------------------------------------------------
[debug] [2020-07-30T08:15:14.900Z] Command:       C:\Program Files\nodejs\node.exe C:\Users\Acer\AppData\Roaming\npm\node_modules\firebase-tools\lib\bin\firebase.js deploy
[debug] [2020-07-30T08:15:14.901Z] CLI Version:   8.6.0
[debug] [2020-07-30T08:15:14.901Z] Platform:      win32
[debug] [2020-07-30T08:15:14.901Z] Node Version:  v12.18.0
[debug] [2020-07-30T08:15:14.903Z] Time:          Thu Jul 30 2020 03:15:14 GMT-0500 (GMT-05:00)
[debug] [2020-07-30T08:15:14.904Z] ----------------------------------------------------------------------
[debug] [2020-07-30T08:15:14.904Z] 
[debug] [2020-07-30T08:15:14.922Z] > command requires scopes: ["email","openid","https://www.googleapis.com/auth/cloudplatformprojects.readonly","https://www.googleapis.com/auth/firebase","https://www.googleapis.com/auth/cloud-platform"]
[debug] [2020-07-30T08:15:14.923Z] > authorizing via signed-in user
[debug] [2020-07-30T08:15:14.924Z] [iam] checking project pppapp-f9509 for permissions ["firebase.projects.get","firebasedatabase.instances.update","firebasehosting.sites.update"]
[debug] [2020-07-30T08:15:14.930Z] >>> HTTP REQUEST POST https://cloudresourcemanager.googleapis.com/v1/projects/pppapp-f9509:testIamPermissions  
 {"permissions":["firebase.projects.get","firebasedatabase.instances.update","firebasehosting.sites.update"]}
[debug] [2020-07-30T08:15:16.432Z] <<< HTTP RESPONSE 200 {"content-type":"application/json; charset=UTF-8","vary":"X-Origin, Referer, Origin,Accept-Encoding","date":"Thu, 30 Jul 2020 08:15:15 GMT","server":"ESF","cache-control":"private","x-xss-protection":"0","x-frame-options":"SAMEORIGIN","x-content-type-options":"nosniff","server-timing":"gfet4t7; dur=970","alt-svc":"h3-29=\":443\"; ma=2592000,h3-27=\":443\"; ma=2592000,h3-T050=\":443\"; ma=2592000,h3-Q050=\":443\"; ma=2592000,h3-Q046=\":443\"; ma=2592000,h3-Q043=\":443\"; ma=2592000,quic=\":443\"; ma=2592000; v=\"46,43\"","accept-ranges":"none","transfer-encoding":"chunked"}
[debug] [2020-07-30T08:15:16.436Z] >>> HTTP REQUEST GET https://firebase.googleapis.com/v1beta1/projects/pppapp-f9509  
 
[debug] [2020-07-30T08:15:17.584Z] <<< HTTP RESPONSE 200 {"content-type":"application/json; charset=UTF-8","vary":"X-Origin, Referer, Origin,Accept-Encoding","date":"Thu, 30 Jul 2020 08:15:16 GMT","server":"ESF","cache-control":"private","x-xss-protection":"0","x-frame-options":"SAMEORIGIN","x-content-type-options":"nosniff","alt-svc":"h3-29=\":443\"; ma=2592000,h3-27=\":443\"; ma=2592000,h3-T050=\":443\"; ma=2592000,h3-Q050=\":443\"; ma=2592000,h3-Q046=\":443\"; ma=2592000,h3-Q043=\":443\"; ma=2592000,quic=\":443\"; ma=2592000; v=\"46,43\"","accept-ranges":"none","transfer-encoding":"chunked"}
[info] 
[info] === Deploying to 'pppapp-f9509'...
[info] 
[info] i  deploying database, hosting 
[info] i  database: checking rules syntax... 
[debug] [2020-07-30T08:15:17.598Z] >>> HTTP REQUEST PUT https://pppapp-f9509.firebaseio.com/.settings/rules.json?dryRun=true  
 {
  /* Visit https://firebase.google.com/docs/database/security to learn more about security rules. */
  "rules": {
    ".read": false,
    ".write": false
  }
}
[debug] [2020-07-30T08:15:18.699Z] <<< HTTP RESPONSE 404 {"server":"nginx","date":"Thu, 30 Jul 2020 08:15:17 GMT","content-type":"application/json; charset=utf-8","content-length":"101","connection":"keep-alive","access-control-allow-origin":"*","cache-control":"no-cache","strict-transport-security":"max-age=31556926; includeSubDomains; preload"}
[debug] [2020-07-30T08:15:18.699Z] <<< HTTP RESPONSE BODY {
  "error" : "Firebase error. Please ensure that you spelled the name of your Firebase correctly"
}

[error] 
[error] Error: Unexpected error while deploying database rules.
